Performing C SOURCE FILE Test check_c_compiler_flag__Wnormalized_id failed with the following output:
Change Dir: /Users/chenyue/Desktop/git/db_impl_course/build/CMakeFiles/CMakeScratch/TryCompile-ZFDYel

Run Build Command(s):/Applications/CLion.app/Contents/bin/ninja/mac/ninja cmTC_0d1a6 && [1/2] Building C object CMakeFiles/cmTC_0d1a6.dir/src.c.o
warning: unknown warning option '-Wnormalized=id' [-Wunknown-warning-option]
1 warning generated.
[2/2] Linking C executable cmTC_0d1a6


Source file was:
int main(void) { return 0; }

Performing C SOURCE FILE Test check_c_compiler_flag__Wlogical_op failed with the following output:
Change Dir: /Users/chenyue/Desktop/git/db_impl_course/build/CMakeFiles/CMakeScratch/TryCompile-irAqso

Run Build Command(s):/Applications/CLion.app/Contents/bin/ninja/mac/ninja cmTC_ee0c0 && [1/2] Building C object CMakeFiles/cmTC_ee0c0.dir/src.c.o
warning: unknown warning option '-Wlogical-op'; did you mean '-Wlong-long'? [-Wunknown-warning-option]
1 warning generated.
[2/2] Linking C executable cmTC_ee0c0


Source file was:
int main(void) { return 0; }

Determining if the __GNU_LIBRARY__ exist failed with the following output:
Change Dir: /Users/chenyue/Desktop/git/db_impl_course/build/CMakeFiles/CMakeScratch/TryCompile-0trUEv

Run Build Command(s):/Applications/CLion.app/Contents/bin/ninja/mac/ninja cmTC_56c0f && [1/2] Building C object CMakeFiles/cmTC_56c0f.dir/CheckSymbolExists.c.o
FAILED: CMakeFiles/cmTC_56c0f.dir/CheckSymbolExists.c.o 
/Library/Developer/CommandLineTools/usr/bin/cc   -Wall -DCMAKE_EXPORT_COMPILE_COMMANDS=1  -O2 -g  -fdiagnostics-color=always -Wall -Wextra -Wno-unused-parameter -Wstrict-aliasing -Wstrict-prototypes -fno-strict-aliasing -Wmissing-prototypes -Winit-self -Wmissing-field-initializers -Wdeclaration-after-statement -Waddress -Woverride-init -Wwrite-strings -Wno-unused-function -Wno-error=deprecated-declarations -Qunused-arguments  -arch arm64 -isysroot /Library/Developer/CommandLineTools/SDKs/MacOSX13.3.sdk -fcolor-diagnostics -MD -MT CMakeFiles/cmTC_56c0f.dir/CheckSymbolExists.c.o -MF CMakeFiles/cmTC_56c0f.dir/CheckSymbolExists.c.o.d -o CMakeFiles/cmTC_56c0f.dir/CheckSymbolExists.c.o -c /Users/chenyue/Desktop/git/db_impl_course/build/CMakeFiles/CMakeScratch/TryCompile-0trUEv/CheckSymbolExists.c
/Users/chenyue/Desktop/git/db_impl_course/build/CMakeFiles/CMakeScratch/TryCompile-0trUEv/CheckSymbolExists.c:2:10: fatal error: 'features.h' file not found
#include <features.h>
         ^~~~~~~~~~~~
1 error generated.
ninja: build stopped: subcommand failed.


File CheckSymbolExists.c:
/* */
#include <features.h>

int main(int argc, char** argv)
{
  (void)argv;
#ifndef __GNU_LIBRARY__
  return ((int*)(&__GNU_LIBRARY__))[argc];
#else
  (void)argc;
  return 0;
#endif
}

Determining if the _GNU_SOURCE exist failed with the following output:
Change Dir: /Users/chenyue/Desktop/git/db_impl_course/build/CMakeFiles/CMakeScratch/TryCompile-Vjh5Hz

Run Build Command(s):/Applications/CLion.app/Contents/bin/ninja/mac/ninja cmTC_76476 && [1/2] Building C object CMakeFiles/cmTC_76476.dir/CheckSymbolExists.c.o
FAILED: CMakeFiles/cmTC_76476.dir/CheckSymbolExists.c.o 
/Library/Developer/CommandLineTools/usr/bin/cc   -Wall -DCMAKE_EXPORT_COMPILE_COMMANDS=1  -O2 -g  -fdiagnostics-color=always -Wall -Wextra -Wno-unused-parameter -Wstrict-aliasing -Wstrict-prototypes -fno-strict-aliasing -Wmissing-prototypes -Winit-self -Wmissing-field-initializers -Wdeclaration-after-statement -Waddress -Woverride-init -Wwrite-strings -Wno-unused-function -Wno-error=deprecated-declarations -Qunused-arguments  -arch arm64 -isysroot /Library/Developer/CommandLineTools/SDKs/MacOSX13.3.sdk -fcolor-diagnostics -MD -MT CMakeFiles/cmTC_76476.dir/CheckSymbolExists.c.o -MF CMakeFiles/cmTC_76476.dir/CheckSymbolExists.c.o.d -o CMakeFiles/cmTC_76476.dir/CheckSymbolExists.c.o -c /Users/chenyue/Desktop/git/db_impl_course/build/CMakeFiles/CMakeScratch/TryCompile-Vjh5Hz/CheckSymbolExists.c
/Users/chenyue/Desktop/git/db_impl_course/build/CMakeFiles/CMakeScratch/TryCompile-Vjh5Hz/CheckSymbolExists.c:2:10: fatal error: 'features.h' file not found
#include <features.h>
         ^~~~~~~~~~~~
1 error generated.
ninja: build stopped: subcommand failed.


File CheckSymbolExists.c:
/* */
#include <features.h>

int main(int argc, char** argv)
{
  (void)argv;
#ifndef _GNU_SOURCE
  return ((int*)(&_GNU_SOURCE))[argc];
#else
  (void)argc;
  return 0;
#endif
}

Determining if files fcntl.h;inttypes.h;memory.h;signal.h;stdarg.h;stddef.h;stdint.h;stdlib.h;string.h;errno.h;unistd.h;time.h;sys/types.h;sys/stat.h;sys/time.h;sys/param.h;netdb.h;dlfcn.h;arpa/inet.h;poll.h;port.h exist failed with the following output:
Change Dir: /Users/chenyue/Desktop/git/db_impl_course/build/CMakeFiles/CMakeScratch/TryCompile-cx95UR

Run Build Command(s):/Applications/CLion.app/Contents/bin/ninja/mac/ninja cmTC_3884c && [1/2] Building C object CMakeFiles/cmTC_3884c.dir/EVENT__HAVE_PORT_H.c.o
FAILED: CMakeFiles/cmTC_3884c.dir/EVENT__HAVE_PORT_H.c.o 
/Library/Developer/CommandLineTools/usr/bin/cc   -Wall -DCMAKE_EXPORT_COMPILE_COMMANDS=1  -O2 -g  -fdiagnostics-color=always -Wall -Wextra -Wno-unused-parameter -Wstrict-aliasing -Wstrict-prototypes -fno-strict-aliasing -Wmissing-prototypes -Winit-self -Wmissing-field-initializers -Wdeclaration-after-statement -Waddress -Woverride-init -Wwrite-strings -Wno-unused-function -Wno-error=deprecated-declarations -Qunused-arguments  -arch arm64 -isysroot /Library/Developer/CommandLineTools/SDKs/MacOSX13.3.sdk -fcolor-diagnostics -MD -MT CMakeFiles/cmTC_3884c.dir/EVENT__HAVE_PORT_H.c.o -MF CMakeFiles/cmTC_3884c.dir/EVENT__HAVE_PORT_H.c.o.d -o CMakeFiles/cmTC_3884c.dir/EVENT__HAVE_PORT_H.c.o -c /Users/chenyue/Desktop/git/db_impl_course/build/CMakeFiles/CMakeScratch/TryCompile-cx95UR/EVENT__HAVE_PORT_H.c
/Users/chenyue/Desktop/git/db_impl_course/build/CMakeFiles/CMakeScratch/TryCompile-cx95UR/EVENT__HAVE_PORT_H.c:22:10: fatal error: 'port.h' file not found
#include <port.h>
         ^~~~~~~~
1 error generated.
ninja: build stopped: subcommand failed.


Source:
/* */
#include <fcntl.h>
#include <inttypes.h>
#include <memory.h>
#include <signal.h>
#include <stdarg.h>
#include <stddef.h>
#include <stdint.h>
#include <stdlib.h>
#include <string.h>
#include <errno.h>
#include <unistd.h>
#include <time.h>
#include <sys/types.h>
#include <sys/stat.h>
#include <sys/time.h>
#include <sys/param.h>
#include <netdb.h>
#include <dlfcn.h>
#include <arpa/inet.h>
#include <poll.h>
#include <port.h>


int main(void){return 0;}

Determining if files fcntl.h;inttypes.h;memory.h;signal.h;stdarg.h;stddef.h;stdint.h;stdlib.h;string.h;errno.h;unistd.h;time.h;sys/types.h;sys/stat.h;sys/time.h;sys/param.h;netdb.h;dlfcn.h;arpa/inet.h;poll.h;sys/socket.h;sys/random.h;sys/un.h;sys/devpoll.h exist failed with the following output:
Change Dir: /Users/chenyue/Desktop/git/db_impl_course/build/CMakeFiles/CMakeScratch/TryCompile-zrsaNZ

Run Build Command(s):/Applications/CLion.app/Contents/bin/ninja/mac/ninja cmTC_e6824 && [1/2] Building C object CMakeFiles/cmTC_e6824.dir/EVENT__HAVE_SYS_DEVPOLL_H.c.o
FAILED: CMakeFiles/cmTC_e6824.dir/EVENT__HAVE_SYS_DEVPOLL_H.c.o 
/Library/Developer/CommandLineTools/usr/bin/cc   -Wall -DCMAKE_EXPORT_COMPILE_COMMANDS=1  -O2 -g  -fdiagnostics-color=always -Wall -Wextra -Wno-unused-parameter -Wstrict-aliasing -Wstrict-prototypes -fno-strict-aliasing -Wmissing-prototypes -Winit-self -Wmissing-field-initializers -Wdeclaration-after-statement -Waddress -Woverride-init -Wwrite-strings -Wno-unused-function -Wno-error=deprecated-declarations -Qunused-arguments  -arch arm64 -isysroot /Library/Developer/CommandLineTools/SDKs/MacOSX13.3.sdk -fcolor-diagnostics -MD -MT CMakeFiles/cmTC_e6824.dir/EVENT__HAVE_SYS_DEVPOLL_H.c.o -MF CMakeFiles/cmTC_e6824.dir/EVENT__HAVE_SYS_DEVPOLL_H.c.o.d -o CMakeFiles/cmTC_e6824.dir/EVENT__HAVE_SYS_DEVPOLL_H.c.o -c /Users/chenyue/Desktop/git/db_impl_course/build/CMakeFiles/CMakeScratch/TryCompile-zrsaNZ/EVENT__HAVE_SYS_DEVPOLL_H.c
/Users/chenyue/Desktop/git/db_impl_course/build/CMakeFiles/CMakeScratch/TryCompile-zrsaNZ/EVENT__HAVE_SYS_DEVPOLL_H.c:25:10: fatal error: 'sys/devpoll.h' file not found
#include <sys/devpoll.h>
         ^~~~~~~~~~~~~~~
1 error generated.
ninja: build stopped: subcommand failed.


Source:
/* */
#include <fcntl.h>
#include <inttypes.h>
#include <memory.h>
#include <signal.h>
#include <stdarg.h>
#include <stddef.h>
#include <stdint.h>
#include <stdlib.h>
#include <string.h>
#include <errno.h>
#include <unistd.h>
#include <time.h>
#include <sys/types.h>
#include <sys/stat.h>
#include <sys/time.h>
#include <sys/param.h>
#include <netdb.h>
#include <dlfcn.h>
#include <arpa/inet.h>
#include <poll.h>
#include <sys/socket.h>
#include <sys/random.h>
#include <sys/un.h>
#include <sys/devpoll.h>


int main(void){return 0;}

Determining if files fcntl.h;inttypes.h;memory.h;signal.h;stdarg.h;stddef.h;stdint.h;stdlib.h;string.h;errno.h;unistd.h;time.h;sys/types.h;sys/stat.h;sys/time.h;sys/param.h;netdb.h;dlfcn.h;arpa/inet.h;poll.h;sys/socket.h;sys/random.h;sys/un.h;sys/epoll.h exist failed with the following output:
Change Dir: /Users/chenyue/Desktop/git/db_impl_course/build/CMakeFiles/CMakeScratch/TryCompile-vGEGwy

Run Build Command(s):/Applications/CLion.app/Contents/bin/ninja/mac/ninja cmTC_8a31e && [1/2] Building C object CMakeFiles/cmTC_8a31e.dir/EVENT__HAVE_SYS_EPOLL_H.c.o
FAILED: CMakeFiles/cmTC_8a31e.dir/EVENT__HAVE_SYS_EPOLL_H.c.o 
/Library/Developer/CommandLineTools/usr/bin/cc   -Wall -DCMAKE_EXPORT_COMPILE_COMMANDS=1  -O2 -g  -fdiagnostics-color=always -Wall -Wextra -Wno-unused-parameter -Wstrict-aliasing -Wstrict-prototypes -fno-strict-aliasing -Wmissing-prototypes -Winit-self -Wmissing-field-initializers -Wdeclaration-after-statement -Waddress -Woverride-init -Wwrite-strings -Wno-unused-function -Wno-error=deprecated-declarations -Qunused-arguments  -arch arm64 -isysroot /Library/Developer/CommandLineTools/SDKs/MacOSX13.3.sdk -fcolor-diagnostics -MD -MT CMakeFiles/cmTC_8a31e.dir/EVENT__HAVE_SYS_EPOLL_H.c.o -MF CMakeFiles/cmTC_8a31e.dir/EVENT__HAVE_SYS_EPOLL_H.c.o.d -o CMakeFiles/cmTC_8a31e.dir/EVENT__HAVE_SYS_EPOLL_H.c.o -c /Users/chenyue/Desktop/git/db_impl_course/build/CMakeFiles/CMakeScratch/TryCompile-vGEGwy/EVENT__HAVE_SYS_EPOLL_H.c
/Users/chenyue/Desktop/git/db_impl_course/build/CMakeFiles/CMakeScratch/TryCompile-vGEGwy/EVENT__HAVE_SYS_EPOLL_H.c:25:10: fatal error: 'sys/epoll.h' file not found
#include <sys/epoll.h>
         ^~~~~~~~~~~~~
1 error generated.
ninja: build stopped: subcommand failed.


Source:
/* */
#include <fcntl.h>
#include <inttypes.h>
#include <memory.h>
#include <signal.h>
#include <stdarg.h>
#include <stddef.h>
#include <stdint.h>
#include <stdlib.h>
#include <string.h>
#include <errno.h>
#include <unistd.h>
#include <time.h>
#include <sys/types.h>
#include <sys/stat.h>
#include <sys/time.h>
#include <sys/param.h>
#include <netdb.h>
#include <dlfcn.h>
#include <arpa/inet.h>
#include <poll.h>
#include <sys/socket.h>
#include <sys/random.h>
#include <sys/un.h>
#include <sys/epoll.h>


int main(void){return 0;}

Determining if files fcntl.h;inttypes.h;memory.h;signal.h;stdarg.h;stddef.h;stdint.h;stdlib.h;string.h;errno.h;unistd.h;time.h;sys/types.h;sys/stat.h;sys/time.h;sys/param.h;netdb.h;dlfcn.h;arpa/inet.h;poll.h;sys/socket.h;sys/random.h;sys/un.h;sys/eventfd.h exist failed with the following output:
Change Dir: /Users/chenyue/Desktop/git/db_impl_course/build/CMakeFiles/CMakeScratch/TryCompile-GIwQri

Run Build Command(s):/Applications/CLion.app/Contents/bin/ninja/mac/ninja cmTC_8d31e && [1/2] Building C object CMakeFiles/cmTC_8d31e.dir/EVENT__HAVE_SYS_EVENTFD_H.c.o
FAILED: CMakeFiles/cmTC_8d31e.dir/EVENT__HAVE_SYS_EVENTFD_H.c.o 
/Library/Developer/CommandLineTools/usr/bin/cc   -Wall -DCMAKE_EXPORT_COMPILE_COMMANDS=1  -O2 -g  -fdiagnostics-color=always -Wall -Wextra -Wno-unused-parameter -Wstrict-aliasing -Wstrict-prototypes -fno-strict-aliasing -Wmissing-prototypes -Winit-self -Wmissing-field-initializers -Wdeclaration-after-statement -Waddress -Woverride-init -Wwrite-strings -Wno-unused-function -Wno-error=deprecated-declarations -Qunused-arguments  -arch arm64 -isysroot /Library/Developer/CommandLineTools/SDKs/MacOSX13.3.sdk -fcolor-diagnostics -MD -MT CMakeFiles/cmTC_8d31e.dir/EVENT__HAVE_SYS_EVENTFD_H.c.o -MF CMakeFiles/cmTC_8d31e.dir/EVENT__HAVE_SYS_EVENTFD_H.c.o.d -o CMakeFiles/cmTC_8d31e.dir/EVENT__HAVE_SYS_EVENTFD_H.c.o -c /Users/chenyue/Desktop/git/db_impl_course/build/CMakeFiles/CMakeScratch/TryCompile-GIwQri/EVENT__HAVE_SYS_EVENTFD_H.c
/Users/chenyue/Desktop/git/db_impl_course/build/CMakeFiles/CMakeScratch/TryCompile-GIwQri/EVENT__HAVE_SYS_EVENTFD_H.c:25:10: fatal error: 'sys/eventfd.h' file not found
#include <sys/eventfd.h>
         ^~~~~~~~~~~~~~~
1 error generated.
ninja: build stopped: subcommand failed.


Source:
/* */
#include <fcntl.h>
#include <inttypes.h>
#include <memory.h>
#include <signal.h>
#include <stdarg.h>
#include <stddef.h>
#include <stdint.h>
#include <stdlib.h>
#include <string.h>
#include <errno.h>
#include <unistd.h>
#include <time.h>
#include <sys/types.h>
#include <sys/stat.h>
#include <sys/time.h>
#include <sys/param.h>
#include <netdb.h>
#include <dlfcn.h>
#include <arpa/inet.h>
#include <poll.h>
#include <sys/socket.h>
#include <sys/random.h>
#include <sys/un.h>
#include <sys/eventfd.h>


int main(void){return 0;}

Determining if files fcntl.h;inttypes.h;memory.h;signal.h;stdarg.h;stddef.h;stdint.h;stdlib.h;string.h;errno.h;unistd.h;time.h;sys/types.h;sys/stat.h;sys/time.h;sys/param.h;netdb.h;dlfcn.h;arpa/inet.h;poll.h;sys/socket.h;sys/random.h;sys/un.h;sys/event.h;sys/ioctl.h;sys/mman.h;sys/queue.h;sys/select.h;sys/sendfile.h exist failed with the following output:
Change Dir: /Users/chenyue/Desktop/git/db_impl_course/build/CMakeFiles/CMakeScratch/TryCompile-QrF27s

Run Build Command(s):/Applications/CLion.app/Contents/bin/ninja/mac/ninja cmTC_de384 && [1/2] Building C object CMakeFiles/cmTC_de384.dir/EVENT__HAVE_SYS_SENDFILE_H.c.o
FAILED: CMakeFiles/cmTC_de384.dir/EVENT__HAVE_SYS_SENDFILE_H.c.o 
/Library/Developer/CommandLineTools/usr/bin/cc   -Wall -DCMAKE_EXPORT_COMPILE_COMMANDS=1  -O2 -g  -fdiagnostics-color=always -Wall -Wextra -Wno-unused-parameter -Wstrict-aliasing -Wstrict-prototypes -fno-strict-aliasing -Wmissing-prototypes -Winit-self -Wmissing-field-initializers -Wdeclaration-after-statement -Waddress -Woverride-init -Wwrite-strings -Wno-unused-function -Wno-error=deprecated-declarations -Qunused-arguments  -arch arm64 -isysroot /Library/Developer/CommandLineTools/SDKs/MacOSX13.3.sdk -fcolor-diagnostics -MD -MT CMakeFiles/cmTC_de384.dir/EVENT__HAVE_SYS_SENDFILE_H.c.o -MF CMakeFiles/cmTC_de384.dir/EVENT__HAVE_SYS_SENDFILE_H.c.o.d -o CMakeFiles/cmTC_de384.dir/EVENT__HAVE_SYS_SENDFILE_H.c.o -c /Users/chenyue/Desktop/git/db_impl_course/build/CMakeFiles/CMakeScratch/TryCompile-QrF27s/EVENT__HAVE_SYS_SENDFILE_H.c
/Users/chenyue/Desktop/git/db_impl_course/build/CMakeFiles/CMakeScratch/TryCompile-QrF27s/EVENT__HAVE_SYS_SENDFILE_H.c:30:10: fatal error: 'sys/sendfile.h' file not found
#include <sys/sendfile.h>
         ^~~~~~~~~~~~~~~~
1 error generated.
ninja: build stopped: subcommand failed.


Source:
/* */
#include <fcntl.h>
#include <inttypes.h>
#include <memory.h>
#include <signal.h>
#include <stdarg.h>
#include <stddef.h>
#include <stdint.h>
#include <stdlib.h>
#include <string.h>
#include <errno.h>
#include <unistd.h>
#include <time.h>
#include <sys/types.h>
#include <sys/stat.h>
#include <sys/time.h>
#include <sys/param.h>
#include <netdb.h>
#include <dlfcn.h>
#include <arpa/inet.h>
#include <poll.h>
#include <sys/socket.h>
#include <sys/random.h>
#include <sys/un.h>
#include <sys/event.h>
#include <sys/ioctl.h>
#include <sys/mman.h>
#include <sys/queue.h>
#include <sys/select.h>
#include <sys/sendfile.h>


int main(void){return 0;}

Determining if files fcntl.h;inttypes.h;memory.h;signal.h;stdarg.h;stddef.h;stdint.h;stdlib.h;string.h;errno.h;unistd.h;time.h;sys/types.h;sys/stat.h;sys/time.h;sys/param.h;netdb.h;dlfcn.h;arpa/inet.h;poll.h;sys/socket.h;sys/random.h;sys/un.h;sys/event.h;sys/ioctl.h;sys/mman.h;sys/queue.h;sys/select.h;sys/uio.h;sys/wait.h;sys/resource.h;sys/timerfd.h exist failed with the following output:
Change Dir: /Users/chenyue/Desktop/git/db_impl_course/build/CMakeFiles/CMakeScratch/TryCompile-T2rhFa

Run Build Command(s):/Applications/CLion.app/Contents/bin/ninja/mac/ninja cmTC_6c7cc && [1/2] Building C object CMakeFiles/cmTC_6c7cc.dir/EVENT__HAVE_SYS_TIMERFD_H.c.o
FAILED: CMakeFiles/cmTC_6c7cc.dir/EVENT__HAVE_SYS_TIMERFD_H.c.o 
/Library/Developer/CommandLineTools/usr/bin/cc   -Wall -DCMAKE_EXPORT_COMPILE_COMMANDS=1  -O2 -g  -fdiagnostics-color=always -Wall -Wextra -Wno-unused-parameter -Wstrict-aliasing -Wstrict-prototypes -fno-strict-aliasing -Wmissing-prototypes -Winit-self -Wmissing-field-initializers -Wdeclaration-after-statement -Waddress -Woverride-init -Wwrite-strings -Wno-unused-function -Wno-error=deprecated-declarations -Qunused-arguments  -arch arm64 -isysroot /Library/Developer/CommandLineTools/SDKs/MacOSX13.3.sdk -fcolor-diagnostics -MD -MT CMakeFiles/cmTC_6c7cc.dir/EVENT__HAVE_SYS_TIMERFD_H.c.o -MF CMakeFiles/cmTC_6c7cc.dir/EVENT__HAVE_SYS_TIMERFD_H.c.o.d -o CMakeFiles/cmTC_6c7cc.dir/EVENT__HAVE_SYS_TIMERFD_H.c.o -c /Users/chenyue/Desktop/git/db_impl_course/build/CMakeFiles/CMakeScratch/TryCompile-T2rhFa/EVENT__HAVE_SYS_TIMERFD_H.c
/Users/chenyue/Desktop/git/db_impl_course/build/CMakeFiles/CMakeScratch/TryCompile-T2rhFa/EVENT__HAVE_SYS_TIMERFD_H.c:33:10: fatal error: 'sys/timerfd.h' file not found
#include <sys/timerfd.h>
         ^~~~~~~~~~~~~~~
1 error generated.
ninja: build stopped: subcommand failed.


Source:
/* */
#include <fcntl.h>
#include <inttypes.h>
#include <memory.h>
#include <signal.h>
#include <stdarg.h>
#include <stddef.h>
#include <stdint.h>
#include <stdlib.h>
#include <string.h>
#include <errno.h>
#include <unistd.h>
#include <time.h>
#include <sys/types.h>
#include <sys/stat.h>
#include <sys/time.h>
#include <sys/param.h>
#include <netdb.h>
#include <dlfcn.h>
#include <arpa/inet.h>
#include <poll.h>
#include <sys/socket.h>
#include <sys/random.h>
#include <sys/un.h>
#include <sys/event.h>
#include <sys/ioctl.h>
#include <sys/mman.h>
#include <sys/queue.h>
#include <sys/select.h>
#include <sys/uio.h>
#include <sys/wait.h>
#include <sys/resource.h>
#include <sys/timerfd.h>


int main(void){return 0;}

Determining if files fcntl.h;inttypes.h;memory.h;signal.h;stdarg.h;stddef.h;stdint.h;stdlib.h;string.h;errno.h;unistd.h;time.h;sys/types.h;sys/stat.h;sys/time.h;sys/param.h;netdb.h;dlfcn.h;arpa/inet.h;poll.h;sys/socket.h;sys/random.h;sys/un.h;sys/event.h;sys/ioctl.h;sys/mman.h;sys/queue.h;sys/select.h;sys/uio.h;sys/wait.h;sys/resource.h;netinet/in.h;netinet/in6.h exist failed with the following output:
Change Dir: /Users/chenyue/Desktop/git/db_impl_course/build/CMakeFiles/CMakeScratch/TryCompile-irJ2FS

Run Build Command(s):/Applications/CLion.app/Contents/bin/ninja/mac/ninja cmTC_91c5a && [1/2] Building C object CMakeFiles/cmTC_91c5a.dir/EVENT__HAVE_NETINET_IN6_H.c.o
FAILED: CMakeFiles/cmTC_91c5a.dir/EVENT__HAVE_NETINET_IN6_H.c.o 
/Library/Developer/CommandLineTools/usr/bin/cc   -Wall -DCMAKE_EXPORT_COMPILE_COMMANDS=1  -O2 -g  -fdiagnostics-color=always -Wall -Wextra -Wno-unused-parameter -Wstrict-aliasing -Wstrict-prototypes -fno-strict-aliasing -Wmissing-prototypes -Winit-self -Wmissing-field-initializers -Wdeclaration-after-statement -Waddress -Woverride-init -Wwrite-strings -Wno-unused-function -Wno-error=deprecated-declarations -Qunused-arguments  -arch arm64 -isysroot /Library/Developer/CommandLineTools/SDKs/MacOSX13.3.sdk -fcolor-diagnostics -MD -MT CMakeFiles/cmTC_91c5a.dir/EVENT__HAVE_NETINET_IN6_H.c.o -MF CMakeFiles/cmTC_91c5a.dir/EVENT__HAVE_NETINET_IN6_H.c.o.d -o CMakeFiles/cmTC_91c5a.dir/EVENT__HAVE_NETINET_IN6_H.c.o -c /Users/chenyue/Desktop/git/db_impl_course/build/CMakeFiles/CMakeScratch/TryCompile-irJ2FS/EVENT__HAVE_NETINET_IN6_H.c
/Users/chenyue/Desktop/git/db_impl_course/build/CMakeFiles/CMakeScratch/TryCompile-irJ2FS/EVENT__HAVE_NETINET_IN6_H.c:34:10: fatal error: 'netinet/in6.h' file not found
#include <netinet/in6.h>
         ^~~~~~~~~~~~~~~
1 error generated.
ninja: build stopped: subcommand failed.


Source:
/* */
#include <fcntl.h>
#include <inttypes.h>
#include <memory.h>
#include <signal.h>
#include <stdarg.h>
#include <stddef.h>
#include <stdint.h>
#include <stdlib.h>
#include <string.h>
#include <errno.h>
#include <unistd.h>
#include <time.h>
#include <sys/types.h>
#include <sys/stat.h>
#include <sys/time.h>
#include <sys/param.h>
#include <netdb.h>
#include <dlfcn.h>
#include <arpa/inet.h>
#include <poll.h>
#include <sys/socket.h>
#include <sys/random.h>
#include <sys/un.h>
#include <sys/event.h>
#include <sys/ioctl.h>
#include <sys/mman.h>
#include <sys/queue.h>
#include <sys/select.h>
#include <sys/uio.h>
#include <sys/wait.h>
#include <sys/resource.h>
#include <netinet/in.h>
#include <netinet/in6.h>


int main(void){return 0;}

Determining if the splice exist failed with the following output:
Change Dir: /Users/chenyue/Desktop/git/db_impl_course/build/CMakeFiles/CMakeScratch/TryCompile-i6sgbk

Run Build Command(s):/Applications/CLion.app/Contents/bin/ninja/mac/ninja cmTC_bccc1 && [1/2] Building C object CMakeFiles/cmTC_bccc1.dir/CheckSymbolExists.c.o
FAILED: CMakeFiles/cmTC_bccc1.dir/CheckSymbolExists.c.o 
/Library/Developer/CommandLineTools/usr/bin/cc   -Wall -DCMAKE_EXPORT_COMPILE_COMMANDS=1  -O2 -g  -fdiagnostics-color=always -Wall -Wextra -Wno-unused-parameter -Wstrict-aliasing -Wstrict-prototypes -fno-strict-aliasing -Wmissing-prototypes -Winit-self -Wmissing-field-initializers -Wdeclaration-after-statement -Waddress -Woverride-init -Wwrite-strings -Wno-unused-function -Wno-error=deprecated-declarations -Qunused-arguments  -arch arm64 -isysroot /Library/Developer/CommandLineTools/SDKs/MacOSX13.3.sdk -fcolor-diagnostics -MD -MT CMakeFiles/cmTC_bccc1.dir/CheckSymbolExists.c.o -MF CMakeFiles/cmTC_bccc1.dir/CheckSymbolExists.c.o.d -o CMakeFiles/cmTC_bccc1.dir/CheckSymbolExists.c.o -c /Users/chenyue/Desktop/git/db_impl_course/build/CMakeFiles/CMakeScratch/TryCompile-i6sgbk/CheckSymbolExists.c
/Users/chenyue/Desktop/git/db_impl_course/build/CMakeFiles/CMakeScratch/TryCompile-i6sgbk/CheckSymbolExists.c:45:19: error: use of undeclared identifier 'splice'
  return ((int*)(&splice))[argc];
                  ^
1 error generated.
ninja: build stopped: subcommand failed.


File CheckSymbolExists.c:
/* */
#include <fcntl.h>
#include <inttypes.h>
#include <memory.h>
#include <signal.h>
#include <stdarg.h>
#include <stddef.h>
#include <stdint.h>
#include <stdlib.h>
#include <string.h>
#include <errno.h>
#include <unistd.h>
#include <time.h>
#include <sys/types.h>
#include <sys/stat.h>
#include <sys/time.h>
#include <sys/param.h>
#include <netdb.h>
#include <dlfcn.h>
#include <arpa/inet.h>
#include <poll.h>
#include <sys/socket.h>
#include <sys/random.h>
#include <sys/un.h>
#include <sys/event.h>
#include <sys/ioctl.h>
#include <sys/mman.h>
#include <sys/queue.h>
#include <sys/select.h>
#include <sys/uio.h>
#include <sys/wait.h>
#include <sys/resource.h>
#include <netinet/in.h>
#include <netinet/tcp.h>
#include <ifaddrs.h>
#include <sys/sysctl.h>
#include <mach/mach_time.h>
#include <mach/mach.h>
#include <stdio.h>

int main(int argc, char** argv)
{
  (void)argv;
#ifndef splice
  return ((int*)(&splice))[argc];
#else
  (void)argc;
  return 0;
#endif
}

Determining if the epoll_create exist failed with the following output:
Change Dir: /Users/chenyue/Desktop/git/db_impl_course/build/CMakeFiles/CMakeScratch/TryCompile-TvZIvn

Run Build Command(s):/Applications/CLion.app/Contents/bin/ninja/mac/ninja cmTC_8fb93 && [1/2] Building C object CMakeFiles/cmTC_8fb93.dir/CheckSymbolExists.c.o
FAILED: CMakeFiles/cmTC_8fb93.dir/CheckSymbolExists.c.o 
/Library/Developer/CommandLineTools/usr/bin/cc   -Wall -DCMAKE_EXPORT_COMPILE_COMMANDS=1  -O2 -g  -fdiagnostics-color=always -Wall -Wextra -Wno-unused-parameter -Wstrict-aliasing -Wstrict-prototypes -fno-strict-aliasing -Wmissing-prototypes -Winit-self -Wmissing-field-initializers -Wdeclaration-after-statement -Waddress -Woverride-init -Wwrite-strings -Wno-unused-function -Wno-error=deprecated-declarations -Qunused-arguments  -arch arm64 -isysroot /Library/Developer/CommandLineTools/SDKs/MacOSX13.3.sdk -fcolor-diagnostics -MD -MT CMakeFiles/cmTC_8fb93.dir/CheckSymbolExists.c.o -MF CMakeFiles/cmTC_8fb93.dir/CheckSymbolExists.c.o.d -o CMakeFiles/cmTC_8fb93.dir/CheckSymbolExists.c.o -c /Users/chenyue/Desktop/git/db_impl_course/build/CMakeFiles/CMakeScratch/TryCompile-TvZIvn/CheckSymbolExists.c
/Users/chenyue/Desktop/git/db_impl_course/build/CMakeFiles/CMakeScratch/TryCompile-TvZIvn/CheckSymbolExists.c:45:19: error: use of undeclared identifier 'epoll_create'; did you mean 'kmod_create'?
  return ((int*)(&epoll_create))[argc];
                  ^~~~~~~~~~~~
                  kmod_create
/Library/Developer/CommandLineTools/SDKs/MacOSX13.3.sdk/usr/include/mach/host_priv.h:200:15: note: 'kmod_create' declared here
kern_return_t kmod_create
              ^
1 error generated.
ninja: build stopped: subcommand failed.


File CheckSymbolExists.c:
/* */
#include <fcntl.h>
#include <inttypes.h>
#include <memory.h>
#include <signal.h>
#include <stdarg.h>
#include <stddef.h>
#include <stdint.h>
#include <stdlib.h>
#include <string.h>
#include <errno.h>
#include <unistd.h>
#include <time.h>
#include <sys/types.h>
#include <sys/stat.h>
#include <sys/time.h>
#include <sys/param.h>
#include <netdb.h>
#include <dlfcn.h>
#include <arpa/inet.h>
#include <poll.h>
#include <sys/socket.h>
#include <sys/random.h>
#include <sys/un.h>
#include <sys/event.h>
#include <sys/ioctl.h>
#include <sys/mman.h>
#include <sys/queue.h>
#include <sys/select.h>
#include <sys/uio.h>
#include <sys/wait.h>
#include <sys/resource.h>
#include <netinet/in.h>
#include <netinet/tcp.h>
#include <ifaddrs.h>
#include <sys/sysctl.h>
#include <mach/mach_time.h>
#include <mach/mach.h>
#include <stdio.h>

int main(int argc, char** argv)
{
  (void)argv;
#ifndef epoll_create
  return ((int*)(&epoll_create))[argc];
#else
  (void)argc;
  return 0;
#endif
}

Determining if the epoll_create1 exist failed with the following output:
Change Dir: /Users/chenyue/Desktop/git/db_impl_course/build/CMakeFiles/CMakeScratch/TryCompile-MFrANg

Run Build Command(s):/Applications/CLion.app/Contents/bin/ninja/mac/ninja cmTC_fa39d && [1/2] Building C object CMakeFiles/cmTC_fa39d.dir/CheckSymbolExists.c.o
FAILED: CMakeFiles/cmTC_fa39d.dir/CheckSymbolExists.c.o 
/Library/Developer/CommandLineTools/usr/bin/cc   -Wall -DCMAKE_EXPORT_COMPILE_COMMANDS=1  -O2 -g  -fdiagnostics-color=always -Wall -Wextra -Wno-unused-parameter -Wstrict-aliasing -Wstrict-prototypes -fno-strict-aliasing -Wmissing-prototypes -Winit-self -Wmissing-field-initializers -Wdeclaration-after-statement -Waddress -Woverride-init -Wwrite-strings -Wno-unused-function -Wno-error=deprecated-declarations -Qunused-arguments  -arch arm64 -isysroot /Library/Developer/CommandLineTools/SDKs/MacOSX13.3.sdk -fcolor-diagnostics -MD -MT CMakeFiles/cmTC_fa39d.dir/CheckSymbolExists.c.o -MF CMakeFiles/cmTC_fa39d.dir/CheckSymbolExists.c.o.d -o CMakeFiles/cmTC_fa39d.dir/CheckSymbolExists.c.o -c /Users/chenyue/Desktop/git/db_impl_course/build/CMakeFiles/CMakeScratch/TryCompile-MFrANg/CheckSymbolExists.c
/Users/chenyue/Desktop/git/db_impl_course/build/CMakeFiles/CMakeScratch/TryCompile-MFrANg/CheckSymbolExists.c:45:19: error: use of undeclared identifier 'epoll_create1'; did you mean 'kmod_create'?
  return ((int*)(&epoll_create1))[argc];
                  ^~~~~~~~~~~~~
                  kmod_create
/Library/Developer/CommandLineTools/SDKs/MacOSX13.3.sdk/usr/include/mach/host_priv.h:200:15: note: 'kmod_create' declared here
kern_return_t kmod_create
              ^
1 error generated.
ninja: build stopped: subcommand failed.


File CheckSymbolExists.c:
/* */
#include <fcntl.h>
#include <inttypes.h>
#include <memory.h>
#include <signal.h>
#include <stdarg.h>
#include <stddef.h>
#include <stdint.h>
#include <stdlib.h>
#include <string.h>
#include <errno.h>
#include <unistd.h>
#include <time.h>
#include <sys/types.h>
#include <sys/stat.h>
#include <sys/time.h>
#include <sys/param.h>
#include <netdb.h>
#include <dlfcn.h>
#include <arpa/inet.h>
#include <poll.h>
#include <sys/socket.h>
#include <sys/random.h>
#include <sys/un.h>
#include <sys/event.h>
#include <sys/ioctl.h>
#include <sys/mman.h>
#include <sys/queue.h>
#include <sys/select.h>
#include <sys/uio.h>
#include <sys/wait.h>
#include <sys/resource.h>
#include <netinet/in.h>
#include <netinet/tcp.h>
#include <ifaddrs.h>
#include <sys/sysctl.h>
#include <mach/mach_time.h>
#include <mach/mach.h>
#include <stdio.h>

int main(int argc, char** argv)
{
  (void)argv;
#ifndef epoll_create1
  return ((int*)(&epoll_create1))[argc];
#else
  (void)argc;
  return 0;
#endif
}

Determining if the epoll_ctl exist failed with the following output:
Change Dir: /Users/chenyue/Desktop/git/db_impl_course/build/CMakeFiles/CMakeScratch/TryCompile-Cr2byy

Run Build Command(s):/Applications/CLion.app/Contents/bin/ninja/mac/ninja cmTC_06073 && [1/2] Building C object CMakeFiles/cmTC_06073.dir/CheckSymbolExists.c.o
FAILED: CMakeFiles/cmTC_06073.dir/CheckSymbolExists.c.o 
/Library/Developer/CommandLineTools/usr/bin/cc   -Wall -DCMAKE_EXPORT_COMPILE_COMMANDS=1  -O2 -g  -fdiagnostics-color=always -Wall -Wextra -Wno-unused-parameter -Wstrict-aliasing -Wstrict-prototypes -fno-strict-aliasing -Wmissing-prototypes -Winit-self -Wmissing-field-initializers -Wdeclaration-after-statement -Waddress -Woverride-init -Wwrite-strings -Wno-unused-function -Wno-error=deprecated-declarations -Qunused-arguments  -arch arm64 -isysroot /Library/Developer/CommandLineTools/SDKs/MacOSX13.3.sdk -fcolor-diagnostics -MD -MT CMakeFiles/cmTC_06073.dir/CheckSymbolExists.c.o -MF CMakeFiles/cmTC_06073.dir/CheckSymbolExists.c.o.d -o CMakeFiles/cmTC_06073.dir/CheckSymbolExists.c.o -c /Users/chenyue/Desktop/git/db_impl_course/build/CMakeFiles/CMakeScratch/TryCompile-Cr2byy/CheckSymbolExists.c
/Users/chenyue/Desktop/git/db_impl_course/build/CMakeFiles/CMakeScratch/TryCompile-Cr2byy/CheckSymbolExists.c:45:19: error: use of undeclared identifier 'epoll_ctl'
  return ((int*)(&epoll_ctl))[argc];
                  ^
1 error generated.
ninja: build stopped: subcommand failed.


File CheckSymbolExists.c:
/* */
#include <fcntl.h>
#include <inttypes.h>
#include <memory.h>
#include <signal.h>
#include <stdarg.h>
#include <stddef.h>
#include <stdint.h>
#include <stdlib.h>
#include <string.h>
#include <errno.h>
#include <unistd.h>
#include <time.h>
#include <sys/types.h>
#include <sys/stat.h>
#include <sys/time.h>
#include <sys/param.h>
#include <netdb.h>
#include <dlfcn.h>
#include <arpa/inet.h>
#include <poll.h>
#include <sys/socket.h>
#include <sys/random.h>
#include <sys/un.h>
#include <sys/event.h>
#include <sys/ioctl.h>
#include <sys/mman.h>
#include <sys/queue.h>
#include <sys/select.h>
#include <sys/uio.h>
#include <sys/wait.h>
#include <sys/resource.h>
#include <netinet/in.h>
#include <netinet/tcp.h>
#include <ifaddrs.h>
#include <sys/sysctl.h>
#include <mach/mach_time.h>
#include <mach/mach.h>
#include <stdio.h>

int main(int argc, char** argv)
{
  (void)argv;
#ifndef epoll_ctl
  return ((int*)(&epoll_ctl))[argc];
#else
  (void)argc;
  return 0;
#endif
}

Determining if the eventfd exist failed with the following output:
Change Dir: /Users/chenyue/Desktop/git/db_impl_course/build/CMakeFiles/CMakeScratch/TryCompile-l6ka1C

Run Build Command(s):/Applications/CLion.app/Contents/bin/ninja/mac/ninja cmTC_840fd && [1/2] Building C object CMakeFiles/cmTC_840fd.dir/CheckSymbolExists.c.o
FAILED: CMakeFiles/cmTC_840fd.dir/CheckSymbolExists.c.o 
/Library/Developer/CommandLineTools/usr/bin/cc   -Wall -DCMAKE_EXPORT_COMPILE_COMMANDS=1  -O2 -g  -fdiagnostics-color=always -Wall -Wextra -Wno-unused-parameter -Wstrict-aliasing -Wstrict-prototypes -fno-strict-aliasing -Wmissing-prototypes -Winit-self -Wmissing-field-initializers -Wdeclaration-after-statement -Waddress -Woverride-init -Wwrite-strings -Wno-unused-function -Wno-error=deprecated-declarations -Qunused-arguments  -arch arm64 -isysroot /Library/Developer/CommandLineTools/SDKs/MacOSX13.3.sdk -fcolor-diagnostics -MD -MT CMakeFiles/cmTC_840fd.dir/CheckSymbolExists.c.o -MF CMakeFiles/cmTC_840fd.dir/CheckSymbolExists.c.o.d -o CMakeFiles/cmTC_840fd.dir/CheckSymbolExists.c.o -c /Users/chenyue/Desktop/git/db_impl_course/build/CMakeFiles/CMakeScratch/TryCompile-l6ka1C/CheckSymbolExists.c
/Users/chenyue/Desktop/git/db_impl_course/build/CMakeFiles/CMakeScratch/TryCompile-l6ka1C/CheckSymbolExists.c:45:19: error: use of undeclared identifier 'eventfd'
  return ((int*)(&eventfd))[argc];
                  ^
1 error generated.
ninja: build stopped: subcommand failed.


File CheckSymbolExists.c:
/* */
#include <fcntl.h>
#include <inttypes.h>
#include <memory.h>
#include <signal.h>
#include <stdarg.h>
#include <stddef.h>
#include <stdint.h>
#include <stdlib.h>
#include <string.h>
#include <errno.h>
#include <unistd.h>
#include <time.h>
#include <sys/types.h>
#include <sys/stat.h>
#include <sys/time.h>
#include <sys/param.h>
#include <netdb.h>
#include <dlfcn.h>
#include <arpa/inet.h>
#include <poll.h>
#include <sys/socket.h>
#include <sys/random.h>
#include <sys/un.h>
#include <sys/event.h>
#include <sys/ioctl.h>
#include <sys/mman.h>
#include <sys/queue.h>
#include <sys/select.h>
#include <sys/uio.h>
#include <sys/wait.h>
#include <sys/resource.h>
#include <netinet/in.h>
#include <netinet/tcp.h>
#include <ifaddrs.h>
#include <sys/sysctl.h>
#include <mach/mach_time.h>
#include <mach/mach.h>
#include <stdio.h>

int main(int argc, char** argv)
{
  (void)argv;
#ifndef eventfd
  return ((int*)(&eventfd))[argc];
#else
  (void)argc;
  return 0;
#endif
}

Determining if the port_create exist failed with the following output:
Change Dir: /Users/chenyue/Desktop/git/db_impl_course/build/CMakeFiles/CMakeScratch/TryCompile-0YYWck

Run Build Command(s):/Applications/CLion.app/Contents/bin/ninja/mac/ninja cmTC_22c27 && [1/2] Building C object CMakeFiles/cmTC_22c27.dir/CheckSymbolExists.c.o
FAILED: CMakeFiles/cmTC_22c27.dir/CheckSymbolExists.c.o 
/Library/Developer/CommandLineTools/usr/bin/cc   -Wall -DCMAKE_EXPORT_COMPILE_COMMANDS=1  -O2 -g  -fdiagnostics-color=always -Wall -Wextra -Wno-unused-parameter -Wstrict-aliasing -Wstrict-prototypes -fno-strict-aliasing -Wmissing-prototypes -Winit-self -Wmissing-field-initializers -Wdeclaration-after-statement -Waddress -Woverride-init -Wwrite-strings -Wno-unused-function -Wno-error=deprecated-declarations -Qunused-arguments  -arch arm64 -isysroot /Library/Developer/CommandLineTools/SDKs/MacOSX13.3.sdk -fcolor-diagnostics -MD -MT CMakeFiles/cmTC_22c27.dir/CheckSymbolExists.c.o -MF CMakeFiles/cmTC_22c27.dir/CheckSymbolExists.c.o.d -o CMakeFiles/cmTC_22c27.dir/CheckSymbolExists.c.o -c /Users/chenyue/Desktop/git/db_impl_course/build/CMakeFiles/CMakeScratch/TryCompile-0YYWck/CheckSymbolExists.c
/Users/chenyue/Desktop/git/db_impl_course/build/CMakeFiles/CMakeScratch/TryCompile-0YYWck/CheckSymbolExists.c:45:19: error: use of undeclared identifier 'port_create'
  return ((int*)(&port_create))[argc];
                  ^
1 error generated.
ninja: build stopped: subcommand failed.


File CheckSymbolExists.c:
/* */
#include <fcntl.h>
#include <inttypes.h>
#include <memory.h>
#include <signal.h>
#include <stdarg.h>
#include <stddef.h>
#include <stdint.h>
#include <stdlib.h>
#include <string.h>
#include <errno.h>
#include <unistd.h>
#include <time.h>
#include <sys/types.h>
#include <sys/stat.h>
#include <sys/time.h>
#include <sys/param.h>
#include <netdb.h>
#include <dlfcn.h>
#include <arpa/inet.h>
#include <poll.h>
#include <sys/socket.h>
#include <sys/random.h>
#include <sys/un.h>
#include <sys/event.h>
#include <sys/ioctl.h>
#include <sys/mman.h>
#include <sys/queue.h>
#include <sys/select.h>
#include <sys/uio.h>
#include <sys/wait.h>
#include <sys/resource.h>
#include <netinet/in.h>
#include <netinet/tcp.h>
#include <ifaddrs.h>
#include <sys/sysctl.h>
#include <mach/mach_time.h>
#include <mach/mach.h>
#include <stdio.h>

int main(int argc, char** argv)
{
  (void)argv;
#ifndef port_create
  return ((int*)(&port_create))[argc];
#else
  (void)argc;
  return 0;
#endif
}

Determining if the pipe2 exist failed with the following output:
Change Dir: /Users/chenyue/Desktop/git/db_impl_course/build/CMakeFiles/CMakeScratch/TryCompile-Qc7IRI

Run Build Command(s):/Applications/CLion.app/Contents/bin/ninja/mac/ninja cmTC_b5802 && [1/2] Building C object CMakeFiles/cmTC_b5802.dir/CheckSymbolExists.c.o
FAILED: CMakeFiles/cmTC_b5802.dir/CheckSymbolExists.c.o 
/Library/Developer/CommandLineTools/usr/bin/cc   -Wall -DCMAKE_EXPORT_COMPILE_COMMANDS=1  -O2 -g  -fdiagnostics-color=always -Wall -Wextra -Wno-unused-parameter -Wstrict-aliasing -Wstrict-prototypes -fno-strict-aliasing -Wmissing-prototypes -Winit-self -Wmissing-field-initializers -Wdeclaration-after-statement -Waddress -Woverride-init -Wwrite-strings -Wno-unused-function -Wno-error=deprecated-declarations -Qunused-arguments  -arch arm64 -isysroot /Library/Developer/CommandLineTools/SDKs/MacOSX13.3.sdk -fcolor-diagnostics -MD -MT CMakeFiles/cmTC_b5802.dir/CheckSymbolExists.c.o -MF CMakeFiles/cmTC_b5802.dir/CheckSymbolExists.c.o.d -o CMakeFiles/cmTC_b5802.dir/CheckSymbolExists.c.o -c /Users/chenyue/Desktop/git/db_impl_course/build/CMakeFiles/CMakeScratch/TryCompile-Qc7IRI/CheckSymbolExists.c
/Users/chenyue/Desktop/git/db_impl_course/build/CMakeFiles/CMakeScratch/TryCompile-Qc7IRI/CheckSymbolExists.c:45:19: error: use of undeclared identifier 'pipe2'; did you mean 'pipe'?
  return ((int*)(&pipe2))[argc];
                  ^~~~~
                  pipe
/Library/Developer/CommandLineTools/SDKs/MacOSX13.3.sdk/usr/include/unistd.h:470:6: note: 'pipe' declared here
int      pipe(int [2]);
         ^
1 error generated.
ninja: build stopped: subcommand failed.


File CheckSymbolExists.c:
/* */
#include <fcntl.h>
#include <inttypes.h>
#include <memory.h>
#include <signal.h>
#include <stdarg.h>
#include <stddef.h>
#include <stdint.h>
#include <stdlib.h>
#include <string.h>
#include <errno.h>
#include <unistd.h>
#include <time.h>
#include <sys/types.h>
#include <sys/stat.h>
#include <sys/time.h>
#include <sys/param.h>
#include <netdb.h>
#include <dlfcn.h>
#include <arpa/inet.h>
#include <poll.h>
#include <sys/socket.h>
#include <sys/random.h>
#include <sys/un.h>
#include <sys/event.h>
#include <sys/ioctl.h>
#include <sys/mman.h>
#include <sys/queue.h>
#include <sys/select.h>
#include <sys/uio.h>
#include <sys/wait.h>
#include <sys/resource.h>
#include <netinet/in.h>
#include <netinet/tcp.h>
#include <ifaddrs.h>
#include <sys/sysctl.h>
#include <mach/mach_time.h>
#include <mach/mach.h>
#include <stdio.h>

int main(int argc, char** argv)
{
  (void)argv;
#ifndef pipe2
  return ((int*)(&pipe2))[argc];
#else
  (void)argc;
  return 0;
#endif
}

Determining if the accept4 exist failed with the following output:
Change Dir: /Users/chenyue/Desktop/git/db_impl_course/build/CMakeFiles/CMakeScratch/TryCompile-ZjbHgn

Run Build Command(s):/Applications/CLion.app/Contents/bin/ninja/mac/ninja cmTC_c3d67 && [1/2] Building C object CMakeFiles/cmTC_c3d67.dir/CheckSymbolExists.c.o
FAILED: CMakeFiles/cmTC_c3d67.dir/CheckSymbolExists.c.o 
/Library/Developer/CommandLineTools/usr/bin/cc   -Wall -DCMAKE_EXPORT_COMPILE_COMMANDS=1  -O2 -g  -fdiagnostics-color=always -Wall -Wextra -Wno-unused-parameter -Wstrict-aliasing -Wstrict-prototypes -fno-strict-aliasing -Wmissing-prototypes -Winit-self -Wmissing-field-initializers -Wdeclaration-after-statement -Waddress -Woverride-init -Wwrite-strings -Wno-unused-function -Wno-error=deprecated-declarations -Qunused-arguments  -arch arm64 -isysroot /Library/Developer/CommandLineTools/SDKs/MacOSX13.3.sdk -fcolor-diagnostics -MD -MT CMakeFiles/cmTC_c3d67.dir/CheckSymbolExists.c.o -MF CMakeFiles/cmTC_c3d67.dir/CheckSymbolExists.c.o.d -o CMakeFiles/cmTC_c3d67.dir/CheckSymbolExists.c.o -c /Users/chenyue/Desktop/git/db_impl_course/build/CMakeFiles/CMakeScratch/TryCompile-ZjbHgn/CheckSymbolExists.c
/Users/chenyue/Desktop/git/db_impl_course/build/CMakeFiles/CMakeScratch/TryCompile-ZjbHgn/CheckSymbolExists.c:45:19: error: use of undeclared identifier 'accept4'; did you mean 'accept'?
  return ((int*)(&accept4))[argc];
                  ^~~~~~~
                  accept
/Library/Developer/CommandLineTools/SDKs/MacOSX13.3.sdk/usr/include/sys/socket.h:724:9: note: 'accept' declared here
int     accept(int, struct sockaddr * __restrict, socklen_t * __restrict)
        ^
1 error generated.
ninja: build stopped: subcommand failed.


File CheckSymbolExists.c:
/* */
#include <fcntl.h>
#include <inttypes.h>
#include <memory.h>
#include <signal.h>
#include <stdarg.h>
#include <stddef.h>
#include <stdint.h>
#include <stdlib.h>
#include <string.h>
#include <errno.h>
#include <unistd.h>
#include <time.h>
#include <sys/types.h>
#include <sys/stat.h>
#include <sys/time.h>
#include <sys/param.h>
#include <netdb.h>
#include <dlfcn.h>
#include <arpa/inet.h>
#include <poll.h>
#include <sys/socket.h>
#include <sys/random.h>
#include <sys/un.h>
#include <sys/event.h>
#include <sys/ioctl.h>
#include <sys/mman.h>
#include <sys/queue.h>
#include <sys/select.h>
#include <sys/uio.h>
#include <sys/wait.h>
#include <sys/resource.h>
#include <netinet/in.h>
#include <netinet/tcp.h>
#include <ifaddrs.h>
#include <sys/sysctl.h>
#include <mach/mach_time.h>
#include <mach/mach.h>
#include <stdio.h>

int main(int argc, char** argv)
{
  (void)argv;
#ifndef accept4
  return ((int*)(&accept4))[argc];
#else
  (void)argc;
  return 0;
#endif
}

Determining if the getrandom exist failed with the following output:
Change Dir: /Users/chenyue/Desktop/git/db_impl_course/build/CMakeFiles/CMakeScratch/TryCompile-0QvSvO

Run Build Command(s):/Applications/CLion.app/Contents/bin/ninja/mac/ninja cmTC_e8733 && [1/2] Building C object CMakeFiles/cmTC_e8733.dir/CheckSymbolExists.c.o
FAILED: CMakeFiles/cmTC_e8733.dir/CheckSymbolExists.c.o 
/Library/Developer/CommandLineTools/usr/bin/cc   -Wall -DCMAKE_EXPORT_COMPILE_COMMANDS=1  -O2 -g  -fdiagnostics-color=always -Wall -Wextra -Wno-unused-parameter -Wstrict-aliasing -Wstrict-prototypes -fno-strict-aliasing -Wmissing-prototypes -Winit-self -Wmissing-field-initializers -Wdeclaration-after-statement -Waddress -Woverride-init -Wwrite-strings -Wno-unused-function -Wno-error=deprecated-declarations -Qunused-arguments  -arch arm64 -isysroot /Library/Developer/CommandLineTools/SDKs/MacOSX13.3.sdk -fcolor-diagnostics -MD -MT CMakeFiles/cmTC_e8733.dir/CheckSymbolExists.c.o -MF CMakeFiles/cmTC_e8733.dir/CheckSymbolExists.c.o.d -o CMakeFiles/cmTC_e8733.dir/CheckSymbolExists.c.o -c /Users/chenyue/Desktop/git/db_impl_course/build/CMakeFiles/CMakeScratch/TryCompile-0QvSvO/CheckSymbolExists.c
/Users/chenyue/Desktop/git/db_impl_course/build/CMakeFiles/CMakeScratch/TryCompile-0QvSvO/CheckSymbolExists.c:45:19: error: use of undeclared identifier 'getrandom'
  return ((int*)(&getrandom))[argc];
                  ^
1 error generated.
ninja: build stopped: subcommand failed.


File CheckSymbolExists.c:
/* */
#include <fcntl.h>
#include <inttypes.h>
#include <memory.h>
#include <signal.h>
#include <stdarg.h>
#include <stddef.h>
#include <stdint.h>
#include <stdlib.h>
#include <string.h>
#include <errno.h>
#include <unistd.h>
#include <time.h>
#include <sys/types.h>
#include <sys/stat.h>
#include <sys/time.h>
#include <sys/param.h>
#include <netdb.h>
#include <dlfcn.h>
#include <arpa/inet.h>
#include <poll.h>
#include <sys/socket.h>
#include <sys/random.h>
#include <sys/un.h>
#include <sys/event.h>
#include <sys/ioctl.h>
#include <sys/mman.h>
#include <sys/queue.h>
#include <sys/select.h>
#include <sys/uio.h>
#include <sys/wait.h>
#include <sys/resource.h>
#include <netinet/in.h>
#include <netinet/tcp.h>
#include <ifaddrs.h>
#include <sys/sysctl.h>
#include <mach/mach_time.h>
#include <mach/mach.h>
#include <stdio.h>

int main(int argc, char** argv)
{
  (void)argv;
#ifndef getrandom
  return ((int*)(&getrandom))[argc];
#else
  (void)argc;
  return 0;
#endif
}

Determining if the timerfd_create exist failed with the following output:
Change Dir: /Users/chenyue/Desktop/git/db_impl_course/build/CMakeFiles/CMakeScratch/TryCompile-2tCAEq

Run Build Command(s):/Applications/CLion.app/Contents/bin/ninja/mac/ninja cmTC_efa6f && [1/2] Building C object CMakeFiles/cmTC_efa6f.dir/CheckSymbolExists.c.o
FAILED: CMakeFiles/cmTC_efa6f.dir/CheckSymbolExists.c.o 
/Library/Developer/CommandLineTools/usr/bin/cc   -Wall -DCMAKE_EXPORT_COMPILE_COMMANDS=1  -O2 -g  -fdiagnostics-color=always -Wall -Wextra -Wno-unused-parameter -Wstrict-aliasing -Wstrict-prototypes -fno-strict-aliasing -Wmissing-prototypes -Winit-self -Wmissing-field-initializers -Wdeclaration-after-statement -Waddress -Woverride-init -Wwrite-strings -Wno-unused-function -Wno-error=deprecated-declarations -Qunused-arguments  -arch arm64 -isysroot /Library/Developer/CommandLineTools/SDKs/MacOSX13.3.sdk -fcolor-diagnostics -MD -MT CMakeFiles/cmTC_efa6f.dir/CheckSymbolExists.c.o -MF CMakeFiles/cmTC_efa6f.dir/CheckSymbolExists.c.o.d -o CMakeFiles/cmTC_efa6f.dir/CheckSymbolExists.c.o -c /Users/chenyue/Desktop/git/db_impl_course/build/CMakeFiles/CMakeScratch/TryCompile-2tCAEq/CheckSymbolExists.c
/Users/chenyue/Desktop/git/db_impl_course/build/CMakeFiles/CMakeScratch/TryCompile-2tCAEq/CheckSymbolExists.c:45:19: error: use of undeclared identifier 'timerfd_create'; did you mean 'thread_create'?
  return ((int*)(&timerfd_create))[argc];
                  ^~~~~~~~~~~~~~
                  thread_create
/Library/Developer/CommandLineTools/SDKs/MacOSX13.3.sdk/usr/include/mach/task.h:228:15: note: 'thread_create' declared here
kern_return_t thread_create
              ^
1 error generated.
ninja: build stopped: subcommand failed.


File CheckSymbolExists.c:
/* */
#include <fcntl.h>
#include <inttypes.h>
#include <memory.h>
#include <signal.h>
#include <stdarg.h>
#include <stddef.h>
#include <stdint.h>
#include <stdlib.h>
#include <string.h>
#include <errno.h>
#include <unistd.h>
#include <time.h>
#include <sys/types.h>
#include <sys/stat.h>
#include <sys/time.h>
#include <sys/param.h>
#include <netdb.h>
#include <dlfcn.h>
#include <arpa/inet.h>
#include <poll.h>
#include <sys/socket.h>
#include <sys/random.h>
#include <sys/un.h>
#include <sys/event.h>
#include <sys/ioctl.h>
#include <sys/mman.h>
#include <sys/queue.h>
#include <sys/select.h>
#include <sys/uio.h>
#include <sys/wait.h>
#include <sys/resource.h>
#include <netinet/in.h>
#include <netinet/tcp.h>
#include <ifaddrs.h>
#include <sys/sysctl.h>
#include <mach/mach_time.h>
#include <mach/mach.h>
#include <stdio.h>

int main(int argc, char** argv)
{
  (void)argv;
#ifndef timerfd_create
  return ((int*)(&timerfd_create))[argc];
#else
  (void)argc;
  return 0;
#endif
}

Determining if the gethostbyname_r exist failed with the following output:
Change Dir: /Users/chenyue/Desktop/git/db_impl_course/build/CMakeFiles/CMakeScratch/TryCompile-Iq3tM5

Run Build Command(s):/Applications/CLion.app/Contents/bin/ninja/mac/ninja cmTC_1629b && [1/2] Building C object CMakeFiles/cmTC_1629b.dir/CheckSymbolExists.c.o
FAILED: CMakeFiles/cmTC_1629b.dir/CheckSymbolExists.c.o 
/Library/Developer/CommandLineTools/usr/bin/cc   -Wall -DCMAKE_EXPORT_COMPILE_COMMANDS=1  -O2 -g  -fdiagnostics-color=always -Wall -Wextra -Wno-unused-parameter -Wstrict-aliasing -Wstrict-prototypes -fno-strict-aliasing -Wmissing-prototypes -Winit-self -Wmissing-field-initializers -Wdeclaration-after-statement -Waddress -Woverride-init -Wwrite-strings -Wno-unused-function -Wno-error=deprecated-declarations -Qunused-arguments  -arch arm64 -isysroot /Library/Developer/CommandLineTools/SDKs/MacOSX13.3.sdk -fcolor-diagnostics -MD -MT CMakeFiles/cmTC_1629b.dir/CheckSymbolExists.c.o -MF CMakeFiles/cmTC_1629b.dir/CheckSymbolExists.c.o.d -o CMakeFiles/cmTC_1629b.dir/CheckSymbolExists.c.o -c /Users/chenyue/Desktop/git/db_impl_course/build/CMakeFiles/CMakeScratch/TryCompile-Iq3tM5/CheckSymbolExists.c
/Users/chenyue/Desktop/git/db_impl_course/build/CMakeFiles/CMakeScratch/TryCompile-Iq3tM5/CheckSymbolExists.c:45:19: error: use of undeclared identifier 'gethostbyname_r'
  return ((int*)(&gethostbyname_r))[argc];
                  ^
1 error generated.
ninja: build stopped: subcommand failed.


File CheckSymbolExists.c:
/* */
#include <fcntl.h>
#include <inttypes.h>
#include <memory.h>
#include <signal.h>
#include <stdarg.h>
#include <stddef.h>
#include <stdint.h>
#include <stdlib.h>
#include <string.h>
#include <errno.h>
#include <unistd.h>
#include <time.h>
#include <sys/types.h>
#include <sys/stat.h>
#include <sys/time.h>
#include <sys/param.h>
#include <netdb.h>
#include <dlfcn.h>
#include <arpa/inet.h>
#include <poll.h>
#include <sys/socket.h>
#include <sys/random.h>
#include <sys/un.h>
#include <sys/event.h>
#include <sys/ioctl.h>
#include <sys/mman.h>
#include <sys/queue.h>
#include <sys/select.h>
#include <sys/uio.h>
#include <sys/wait.h>
#include <sys/resource.h>
#include <netinet/in.h>
#include <netinet/tcp.h>
#include <ifaddrs.h>
#include <sys/sysctl.h>
#include <mach/mach_time.h>
#include <mach/mach.h>
#include <stdio.h>

int main(int argc, char** argv)
{
  (void)argv;
#ifndef gethostbyname_r
  return ((int*)(&gethostbyname_r))[argc];
#else
  (void)argc;
  return 0;
#endif
}

Performing C SOURCE FILE Test EVENT__HAVE_DECL_KERN_ARND failed with the following output:
Change Dir: /Users/chenyue/Desktop/git/db_impl_course/build/CMakeFiles/CMakeScratch/TryCompile-xXdEqy

Run Build Command(s):/Applications/CLion.app/Contents/bin/ninja/mac/ninja cmTC_da575 && [1/2] Building C object CMakeFiles/cmTC_da575.dir/src.c.o
FAILED: CMakeFiles/cmTC_da575.dir/src.c.o 
/Library/Developer/CommandLineTools/usr/bin/cc -DEVENT__HAVE_DECL_KERN_ARND  -Wall -DCMAKE_EXPORT_COMPILE_COMMANDS=1  -O2 -g  -fdiagnostics-color=always -Wall -Wextra -Wno-unused-parameter -Wstrict-aliasing -Wstrict-prototypes -fno-strict-aliasing -Wmissing-prototypes -Winit-self -Wmissing-field-initializers -Wdeclaration-after-statement -Waddress -Woverride-init -Wwrite-strings -Wno-unused-function -Wno-error=deprecated-declarations -Qunused-arguments  -arch arm64 -isysroot /Library/Developer/CommandLineTools/SDKs/MacOSX13.3.sdk -fcolor-diagnostics -MD -MT CMakeFiles/cmTC_da575.dir/src.c.o -MF CMakeFiles/cmTC_da575.dir/src.c.o.d -o CMakeFiles/cmTC_da575.dir/src.c.o -c /Users/chenyue/Desktop/git/db_impl_course/build/CMakeFiles/CMakeScratch/TryCompile-xXdEqy/src.c
/Users/chenyue/Desktop/git/db_impl_course/build/CMakeFiles/CMakeScratch/TryCompile-xXdEqy/src.c:3:17: warning: a function declaration without a prototype is deprecated in all versions of C [-Wstrict-prototypes]
        int main() { (void)KERN_ARND; return 0; }
                ^
                 void
/Users/chenyue/Desktop/git/db_impl_course/build/CMakeFiles/CMakeScratch/TryCompile-xXdEqy/src.c:3:28: error: use of undeclared identifier 'KERN_ARND'
        int main() { (void)KERN_ARND; return 0; }
                           ^
1 warning and 1 error generated.
ninja: build stopped: subcommand failed.


Source file was:

          #include <sys/sysctl.h>
        int main() { (void)KERN_ARND; return 0; }

Determining size of SSIZE_T failed with the following output:
Change Dir: /Users/chenyue/Desktop/git/db_impl_course/build/CMakeFiles/CMakeScratch/TryCompile-TqFBsq

Run Build Command(s):/Applications/CLion.app/Contents/bin/ninja/mac/ninja cmTC_8d4a1 && [1/2] Building C object CMakeFiles/cmTC_8d4a1.dir/EVENT__SIZEOF_SSIZE_T_UPPER.c.o
FAILED: CMakeFiles/cmTC_8d4a1.dir/EVENT__SIZEOF_SSIZE_T_UPPER.c.o 
/Library/Developer/CommandLineTools/usr/bin/cc   -Wall -DCMAKE_EXPORT_COMPILE_COMMANDS=1  -O2 -g  -fdiagnostics-color=always -Wall -Wextra -Wno-unused-parameter -Wstrict-aliasing -Wstrict-prototypes -fno-strict-aliasing -Wmissing-prototypes -Winit-self -Wmissing-field-initializers -Wdeclaration-after-statement -Waddress -Woverride-init -Wwrite-strings -Wno-unused-function -Wno-error=deprecated-declarations -Qunused-arguments  -arch arm64 -isysroot /Library/Developer/CommandLineTools/SDKs/MacOSX13.3.sdk -fcolor-diagnostics -MD -MT CMakeFiles/cmTC_8d4a1.dir/EVENT__SIZEOF_SSIZE_T_UPPER.c.o -MF CMakeFiles/cmTC_8d4a1.dir/EVENT__SIZEOF_SSIZE_T_UPPER.c.o.d -o CMakeFiles/cmTC_8d4a1.dir/EVENT__SIZEOF_SSIZE_T_UPPER.c.o -c /Users/chenyue/Desktop/git/db_impl_course/build/CMakeFiles/CMakeScratch/TryCompile-TqFBsq/EVENT__SIZEOF_SSIZE_T_UPPER.c
/Users/chenyue/Desktop/git/db_impl_course/build/CMakeFiles/CMakeScratch/TryCompile-TqFBsq/EVENT__SIZEOF_SSIZE_T_UPPER.c:67:12: error: use of undeclared identifier 'SSIZE_T'
  ('0' + ((SIZE / 10000)%10)),
           ^
/Users/chenyue/Desktop/git/db_impl_course/build/CMakeFiles/CMakeScratch/TryCompile-TqFBsq/EVENT__SIZEOF_SSIZE_T_UPPER.c:65:22: note: expanded from macro 'SIZE'
#define SIZE (sizeof(SSIZE_T))
                     ^
/Users/chenyue/Desktop/git/db_impl_course/build/CMakeFiles/CMakeScratch/TryCompile-TqFBsq/EVENT__SIZEOF_SSIZE_T_UPPER.c:68:12: error: use of undeclared identifier 'SSIZE_T'
  ('0' + ((SIZE / 1000)%10)),
           ^
/Users/chenyue/Desktop/git/db_impl_course/build/CMakeFiles/CMakeScratch/TryCompile-TqFBsq/EVENT__SIZEOF_SSIZE_T_UPPER.c:65:22: note: expanded from macro 'SIZE'
#define SIZE (sizeof(SSIZE_T))
                     ^
/Users/chenyue/Desktop/git/db_impl_course/build/CMakeFiles/CMakeScratch/TryCompile-TqFBsq/EVENT__SIZEOF_SSIZE_T_UPPER.c:69:12: error: use of undeclared identifier 'SSIZE_T'
  ('0' + ((SIZE / 100)%10)),
           ^
/Users/chenyue/Desktop/git/db_impl_course/build/CMakeFiles/CMakeScratch/TryCompile-TqFBsq/EVENT__SIZEOF_SSIZE_T_UPPER.c:65:22: note: expanded from macro 'SIZE'
#define SIZE (sizeof(SSIZE_T))
                     ^
/Users/chenyue/Desktop/git/db_impl_course/build/CMakeFiles/CMakeScratch/TryCompile-TqFBsq/EVENT__SIZEOF_SSIZE_T_UPPER.c:70:12: error: use of undeclared identifier 'SSIZE_T'
  ('0' + ((SIZE / 10)%10)),
           ^
/Users/chenyue/Desktop/git/db_impl_course/build/CMakeFiles/CMakeScratch/TryCompile-TqFBsq/EVENT__SIZEOF_SSIZE_T_UPPER.c:65:22: note: expanded from macro 'SIZE'
#define SIZE (sizeof(SSIZE_T))
                     ^
/Users/chenyue/Desktop/git/db_impl_course/build/CMakeFiles/CMakeScratch/TryCompile-TqFBsq/EVENT__SIZEOF_SSIZE_T_UPPER.c:71:12: error: use of undeclared identifier 'SSIZE_T'
  ('0' +  (SIZE    % 10)),
           ^
/Users/chenyue/Desktop/git/db_impl_course/build/CMakeFiles/CMakeScratch/TryCompile-TqFBsq/EVENT__SIZEOF_SSIZE_T_UPPER.c:65:22: note: expanded from macro 'SIZE'
#define SIZE (sizeof(SSIZE_T))
                     ^
5 errors generated.
ninja: build stopped: subcommand failed.


EVENT__SIZEOF_SSIZE_T_UPPER.c:
#include <sys/types.h>
#include <stdint.h>
#include <stddef.h>
#include "fcntl.h"
#include "inttypes.h"
#include "memory.h"
#include "signal.h"
#include "stdarg.h"
#include "stddef.h"
#include "stdint.h"
#include "stdlib.h"
#include "string.h"
#include "errno.h"
#include "unistd.h"
#include "time.h"
#include "sys/types.h"
#include "sys/stat.h"
#include "sys/time.h"
#include "sys/param.h"
#include "netdb.h"
#include "dlfcn.h"
#include "arpa/inet.h"
#include "poll.h"
#include "sys/socket.h"
#include "sys/random.h"
#include "sys/un.h"
#include "sys/event.h"
#include "sys/ioctl.h"
#include "sys/mman.h"
#include "sys/queue.h"
#include "sys/select.h"
#include "sys/uio.h"
#include "sys/wait.h"
#include "sys/resource.h"
#include "netinet/in.h"
#include "netinet/tcp.h"
#include "ifaddrs.h"
#include "sys/sysctl.h"
#include "mach/mach_time.h"
#include "mach/mach.h"
#include "stdio.h"


#undef KEY
#if defined(__i386)
# define KEY '_','_','i','3','8','6'
#elif defined(__x86_64)
# define KEY '_','_','x','8','6','_','6','4'
#elif defined(__PPC64__)
# define KEY '_','_','P','P','C','6','4','_','_'
#elif defined(__ppc64__)
# define KEY '_','_','p','p','c','6','4','_','_'
#elif defined(__PPC__)
# define KEY '_','_','P','P','C','_','_'
#elif defined(__ppc__)
# define KEY '_','_','p','p','c','_','_'
#elif defined(__aarch64__)
# define KEY '_','_','a','a','r','c','h','6','4','_','_'
#elif defined(__ARM_ARCH_7A__)
# define KEY '_','_','A','R','M','_','A','R','C','H','_','7','A','_','_'
#elif defined(__ARM_ARCH_7S__)
# define KEY '_','_','A','R','M','_','A','R','C','H','_','7','S','_','_'
#endif

#define SIZE (sizeof(SSIZE_T))
static char info_size[] =  {'I', 'N', 'F', 'O', ':', 's','i','z','e','[',
  ('0' + ((SIZE / 10000)%10)),
  ('0' + ((SIZE / 1000)%10)),
  ('0' + ((SIZE / 100)%10)),
  ('0' + ((SIZE / 10)%10)),
  ('0' +  (SIZE    % 10)),
  ']',
#ifdef KEY
  ' ','k','e','y','[', KEY, ']',
#endif
  '\0'};

#ifdef __CLASSIC_C__
int main(argc, argv) int argc; char *argv[];
#else
int main(int argc, char *argv[])
#endif
{
  int require = 0;
  require += info_size[argc];
  (void)argv;
  return require;
}


Performing C SOURCE FILE Test EVENT__HAVE_STRUCT_IN6_ADDR_S6_ADDR16 failed with the following output:
Change Dir: /Users/chenyue/Desktop/git/db_impl_course/build/CMakeFiles/CMakeScratch/TryCompile-Vrxhau

Run Build Command(s):/Applications/CLion.app/Contents/bin/ninja/mac/ninja cmTC_ff8b8 && [1/2] Building C object CMakeFiles/cmTC_ff8b8.dir/src.c.o
FAILED: CMakeFiles/cmTC_ff8b8.dir/src.c.o 
/Library/Developer/CommandLineTools/usr/bin/cc -DEVENT__HAVE_STRUCT_IN6_ADDR_S6_ADDR16  -Wall -DCMAKE_EXPORT_COMPILE_COMMANDS=1  -O2 -g  -fdiagnostics-color=always -Wall -Wextra -Wno-unused-parameter -Wstrict-aliasing -Wstrict-prototypes -fno-strict-aliasing -Wmissing-prototypes -Winit-self -Wmissing-field-initializers -Wdeclaration-after-statement -Waddress -Woverride-init -Wwrite-strings -Wno-unused-function -Wno-error=deprecated-declarations -Qunused-arguments  -arch arm64 -isysroot /Library/Developer/CommandLineTools/SDKs/MacOSX13.3.sdk -fcolor-diagnostics -MD -MT CMakeFiles/cmTC_ff8b8.dir/src.c.o -MF CMakeFiles/cmTC_ff8b8.dir/src.c.o.d -o CMakeFiles/cmTC_ff8b8.dir/src.c.o -c /Users/chenyue/Desktop/git/db_impl_course/build/CMakeFiles/CMakeScratch/TryCompile-Vrxhau/src.c
/Users/chenyue/Desktop/git/db_impl_course/build/CMakeFiles/CMakeScratch/TryCompile-Vrxhau/src.c:6:9: warning: a function declaration without a prototype is deprecated in all versions of C [-Wstrict-prototypes]
int main()
        ^
         void
/Users/chenyue/Desktop/git/db_impl_course/build/CMakeFiles/CMakeScratch/TryCompile-Vrxhau/src.c:8:40: error: no member named 's6_addr16' in 'struct in6_addr'
  (void)sizeof(((struct in6_addr *)0)->s6_addr16);
               ~~~~~~~~~~~~~~~~~~~~~~  ^
1 warning and 1 error generated.
ninja: build stopped: subcommand failed.


Source file was:

#include <netinet/in.h>
#include <sys/socket.h>
#include <netdb.h>

int main()
{
  (void)sizeof(((struct in6_addr *)0)->s6_addr16);
  return 0;
}


Performing C SOURCE FILE Test EVENT__HAVE_STRUCT_IN6_ADDR_S6_ADDR32 failed with the following output:
Change Dir: /Users/chenyue/Desktop/git/db_impl_course/build/CMakeFiles/CMakeScratch/TryCompile-Y7wWGT

Run Build Command(s):/Applications/CLion.app/Contents/bin/ninja/mac/ninja cmTC_3c7e3 && [1/2] Building C object CMakeFiles/cmTC_3c7e3.dir/src.c.o
FAILED: CMakeFiles/cmTC_3c7e3.dir/src.c.o 
/Library/Developer/CommandLineTools/usr/bin/cc -DEVENT__HAVE_STRUCT_IN6_ADDR_S6_ADDR32  -Wall -DCMAKE_EXPORT_COMPILE_COMMANDS=1  -O2 -g  -fdiagnostics-color=always -Wall -Wextra -Wno-unused-parameter -Wstrict-aliasing -Wstrict-prototypes -fno-strict-aliasing -Wmissing-prototypes -Winit-self -Wmissing-field-initializers -Wdeclaration-after-statement -Waddress -Woverride-init -Wwrite-strings -Wno-unused-function -Wno-error=deprecated-declarations -Qunused-arguments  -arch arm64 -isysroot /Library/Developer/CommandLineTools/SDKs/MacOSX13.3.sdk -fcolor-diagnostics -MD -MT CMakeFiles/cmTC_3c7e3.dir/src.c.o -MF CMakeFiles/cmTC_3c7e3.dir/src.c.o.d -o CMakeFiles/cmTC_3c7e3.dir/src.c.o -c /Users/chenyue/Desktop/git/db_impl_course/build/CMakeFiles/CMakeScratch/TryCompile-Y7wWGT/src.c
/Users/chenyue/Desktop/git/db_impl_course/build/CMakeFiles/CMakeScratch/TryCompile-Y7wWGT/src.c:6:9: warning: a function declaration without a prototype is deprecated in all versions of C [-Wstrict-prototypes]
int main()
        ^
         void
/Users/chenyue/Desktop/git/db_impl_course/build/CMakeFiles/CMakeScratch/TryCompile-Y7wWGT/src.c:8:40: error: no member named 's6_addr32' in 'struct in6_addr'
  (void)sizeof(((struct in6_addr *)0)->s6_addr32);
               ~~~~~~~~~~~~~~~~~~~~~~  ^
1 warning and 1 error generated.
ninja: build stopped: subcommand failed.


Source file was:

#include <netinet/in.h>
#include <sys/socket.h>
#include <netdb.h>

int main()
{
  (void)sizeof(((struct in6_addr *)0)->s6_addr32);
  return 0;
}


Performing C SOURCE FILE Test EVENT__HAVE_STRUCT_SOCKADDR_IN_SIN_LEN failed with the following output:
Change Dir: /Users/chenyue/Desktop/git/db_impl_course/build/CMakeFiles/CMakeScratch/TryCompile-EDZYdV

Run Build Command(s):/Applications/CLion.app/Contents/bin/ninja/mac/ninja cmTC_c5c24 && [1/2] Building C object CMakeFiles/cmTC_c5c24.dir/src.c.o
FAILED: CMakeFiles/cmTC_c5c24.dir/src.c.o 
/Library/Developer/CommandLineTools/usr/bin/cc -DEVENT__HAVE_STRUCT_SOCKADDR_IN_SIN_LEN  -Wall -DCMAKE_EXPORT_COMPILE_COMMANDS=1  -O2 -g  -fdiagnostics-color=always -Wall -Wextra -Wno-unused-parameter -Wstrict-aliasing -Wstrict-prototypes -fno-strict-aliasing -Wmissing-prototypes -Winit-self -Wmissing-field-initializers -Wdeclaration-after-statement -Waddress -Woverride-init -Wwrite-strings -Wno-unused-function -Wno-error=deprecated-declarations -Qunused-arguments  -arch arm64 -isysroot /Library/Developer/CommandLineTools/SDKs/MacOSX13.3.sdk -fcolor-diagnostics -MD -MT CMakeFiles/cmTC_c5c24.dir/src.c.o -MF CMakeFiles/cmTC_c5c24.dir/src.c.o.d -o CMakeFiles/cmTC_c5c24.dir/src.c.o -c /Users/chenyue/Desktop/git/db_impl_course/build/CMakeFiles/CMakeScratch/TryCompile-EDZYdV/src.c
/Users/chenyue/Desktop/git/db_impl_course/build/CMakeFiles/CMakeScratch/TryCompile-EDZYdV/src.c:6:9: warning: a function declaration without a prototype is deprecated in all versions of C [-Wstrict-prototypes]
int main()
        ^
         void
/Users/chenyue/Desktop/git/db_impl_course/build/CMakeFiles/CMakeScratch/TryCompile-EDZYdV/src.c:8:44: error: no member named 'sin_len' in 'struct sockaddr_in6'; did you mean 'sin6_len'?
  (void)sizeof(((struct sockaddr_in6 *)0)->sin_len);
                                           ^~~~~~~
                                           sin6_len
/Library/Developer/CommandLineTools/SDKs/MacOSX13.3.sdk/usr/include/netinet6/in6.h:171:18: note: 'sin6_len' declared here
        __uint8_t       sin6_len;       /* length of this struct(sa_family_t) */
                        ^
1 warning and 1 error generated.
ninja: build stopped: subcommand failed.


Source file was:

#include <netinet/in.h>
#include <sys/socket.h>
#include <netdb.h>

int main()
{
  (void)sizeof(((struct sockaddr_in6 *)0)->sin_len);
  return 0;
}


Performing C SOURCE FILE Test EVENT__HAVE_STRUCT_SOCKADDR_STORAGE___SS_FAMILY failed with the following output:
Change Dir: /Users/chenyue/Desktop/git/db_impl_course/build/CMakeFiles/CMakeScratch/TryCompile-f0qLEC

Run Build Command(s):/Applications/CLion.app/Contents/bin/ninja/mac/ninja cmTC_1a627 && [1/2] Building C object CMakeFiles/cmTC_1a627.dir/src.c.o
FAILED: CMakeFiles/cmTC_1a627.dir/src.c.o 
/Library/Developer/CommandLineTools/usr/bin/cc -DEVENT__HAVE_STRUCT_SOCKADDR_STORAGE___SS_FAMILY  -Wall -DCMAKE_EXPORT_COMPILE_COMMANDS=1  -O2 -g  -fdiagnostics-color=always -Wall -Wextra -Wno-unused-parameter -Wstrict-aliasing -Wstrict-prototypes -fno-strict-aliasing -Wmissing-prototypes -Winit-self -Wmissing-field-initializers -Wdeclaration-after-statement -Waddress -Woverride-init -Wwrite-strings -Wno-unused-function -Wno-error=deprecated-declarations -Qunused-arguments  -arch arm64 -isysroot /Library/Developer/CommandLineTools/SDKs/MacOSX13.3.sdk -fcolor-diagnostics -MD -MT CMakeFiles/cmTC_1a627.dir/src.c.o -MF CMakeFiles/cmTC_1a627.dir/src.c.o.d -o CMakeFiles/cmTC_1a627.dir/src.c.o -c /Users/chenyue/Desktop/git/db_impl_course/build/CMakeFiles/CMakeScratch/TryCompile-f0qLEC/src.c
/Users/chenyue/Desktop/git/db_impl_course/build/CMakeFiles/CMakeScratch/TryCompile-f0qLEC/src.c:6:9: warning: a function declaration without a prototype is deprecated in all versions of C [-Wstrict-prototypes]
int main()
        ^
         void
/Users/chenyue/Desktop/git/db_impl_course/build/CMakeFiles/CMakeScratch/TryCompile-f0qLEC/src.c:8:48: error: no member named '__ss_family' in 'struct sockaddr_storage'; did you mean 'ss_family'?
  (void)sizeof(((struct sockaddr_storage *)0)->__ss_family);
                                               ^~~~~~~~~~~
                                               ss_family
/Library/Developer/CommandLineTools/SDKs/MacOSX13.3.sdk/usr/include/sys/socket.h:466:18: note: 'ss_family' declared here
        sa_family_t     ss_family;      /* [XSI] address family */
                        ^
1 warning and 1 error generated.
ninja: build stopped: subcommand failed.


Source file was:

#include <netinet/in.h>
#include <sys/socket.h>
#include <netdb.h>

int main()
{
  (void)sizeof(((struct sockaddr_storage *)0)->__ss_family);
  return 0;
}


